<?xml version="1.0" encoding="UTF-8"?>
<coverage generated="1643851522037" clover="3.2.0">
  <project timestamp="1643851522038" name="All files">
    <metrics statements="11" coveredstatements="9" conditionals="0" coveredconditionals="0" methods="4" coveredmethods="2" elements="15" coveredelements="11" complexity="0" loc="11" ncloc="11" packages="1" files="1" classes="1">
      <file name="util.js" path="C:\Users\gerar\OneDrive\Documenten\Coding\js-testing-introduction\util.js">
        <metrics statements="11" coveredstatements="9" conditionals="0" coveredconditionals="0" methods="4" coveredmethods="2"/>
        <line num="1" count="1" type="stmt"/>
        <line num="3" count="1" type="stmt"/>
        <line num="4" count="1" type="stmt"/>
        <line num="5" count="1" type="stmt"/>
        <line num="6" count="1" type="stmt"/>
        <line num="7" count="1" type="stmt"/>
        <line num="11" count="1" type="stmt"/>
        <line num="12" count="0" type="stmt"/>
        <line num="13" count="0" type="stmt"/>
        <line num="17" count="1" type="stmt"/>
        <line num="18" count="1" type="stmt"/>
      </file>
    </metrics>
  </project>
</coverage>
